# JRE version: Java(TM) SE Runtime Environment (8.0_201-b09) (build 1.8.0_201-b09)
# Java VM: Java HotSpot(TM) 64-Bit Server VM (25.201-b09 mixed mode windows-amd64 compressed oops)
Heap:
 PSYoungGen      total 148992K, used 130467K [0x00000000f5580000, 0x00000000fff00000, 0x0000000100000000)
  eden space 126464K, 100% used [0x00000000f5580000,0x00000000fd100000,0x00000000fd100000)
  from space 22528K, 17% used [0x00000000fd100000,0x00000000fd4e8e08,0x00000000fe700000)
  to   space 21504K, 31% used [0x00000000fea00000,0x00000000ff095550,0x00000000fff00000)
 ParOldGen       total 217600K, used 163637K [0x00000000e0000000, 0x00000000ed480000, 0x00000000f5580000)
  object space 217600K, 75% used [0x00000000e0000000,0x00000000e9fcd410,0x00000000ed480000)
 Metaspace       used 94959K, capacity 98286K, committed 98380K, reserved 1134592K
  class space    used 12121K, capacity 12852K, committed 12928K, reserved 1048576K
GC Heap History (10 events):
Event: 220.036 GC heap after
Heap after GC invocations=42 (full 3):
 PSYoungGen      total 145920K, used 3590K [0x00000000f5580000, 0x00000000fff80000, 0x0000000100000000)
  eden space 119808K, 0% used [0x00000000f5580000,0x00000000f5580000,0x00000000fca80000)
  from space 26112K, 13% used [0x00000000fca80000,0x00000000fce01990,0x00000000fe400000)
  to   space 25088K, 0% used [0x00000000fe700000,0x00000000fe700000,0x00000000fff80000)
 ParOldGen       total 217600K, used 147085K [0x00000000e0000000, 0x00000000ed480000, 0x00000000f5580000)
  object space 217600K, 67% used [0x00000000e0000000,0x00000000e8fa37e0,0x00000000ed480000)
 Metaspace       used 94614K, capacity 97972K, committed 98136K, reserved 1134592K
  class space    used 12100K, capacity 12845K, committed 12928K, reserved 1048576K
}
Event: 220.600 GC heap before
{Heap before GC invocations=43 (full 3):
 PSYoungGen      total 145920K, used 123398K [0x00000000f5580000, 0x00000000fff80000, 0x0000000100000000)
  eden space 119808K, 100% used [0x00000000f5580000,0x00000000fca80000,0x00000000fca80000)
  from space 26112K, 13% used [0x00000000fca80000,0x00000000fce01990,0x00000000fe400000)
  to   space 25088K, 0% used [0x00000000fe700000,0x00000000fe700000,0x00000000fff80000)
 ParOldGen       total 217600K, used 147085K [0x00000000e0000000, 0x00000000ed480000, 0x00000000f5580000)
  object space 217600K, 67% used [0x00000000e0000000,0x00000000e8fa37e0,0x00000000ed480000)
 Metaspace       used 94631K, capacity 97974K, committed 98136K, reserved 1134592K
  class space    used 12100K, capacity 12846K, committed 12928K, reserved 1048576K
Event: 220.629 GC heap after
Heap after GC invocations=43 (full 3):
 PSYoungGen      total 146944K, used 3728K [0x00000000f5580000, 0x00000000ffe00000, 0x0000000100000000)
  eden space 123392K, 0% used [0x00000000f5580000,0x00000000f5580000,0x00000000fce00000)
  from space 23552K, 15% used [0x00000000fe700000,0x00000000feaa4030,0x00000000ffe00000)
  to   space 24576K, 0% used [0x00000000fce00000,0x00000000fce00000,0x00000000fe600000)
 ParOldGen       total 217600K, used 150282K [0x00000000e0000000, 0x00000000ed480000, 0x00000000f5580000)
  object space 217600K, 69% used [0x00000000e0000000,0x00000000e92c28a8,0x00000000ed480000)
 Metaspace       used 94631K, capacity 97974K, committed 98136K, reserved 1134592K
  class space    used 12100K, capacity 12846K, committed 12928K, reserved 1048576K
}
Event: 221.191 GC heap before
{Heap before GC invocations=44 (full 3):
 PSYoungGen      total 146944K, used 127120K [0x00000000f5580000, 0x00000000ffe00000, 0x0000000100000000)
  eden space 123392K, 100% used [0x00000000f5580000,0x00000000fce00000,0x00000000fce00000)
  from space 23552K, 15% used [0x00000000fe700000,0x00000000feaa4030,0x00000000ffe00000)
  to   space 24576K, 0% used [0x00000000fce00000,0x00000000fce00000,0x00000000fe600000)
 ParOldGen       total 217600K, used 150282K [0x00000000e0000000, 0x00000000ed480000, 0x00000000f5580000)
  object space 217600K, 69% used [0x00000000e0000000,0x00000000e92c28a8,0x00000000ed480000)
 Metaspace       used 94740K, capacity 98054K, committed 98136K, reserved 1134592K
  class space    used 12117K, capacity 12848K, committed 12928K, reserved 1048576K
Event: 221.212 GC heap after
Heap after GC invocations=44 (full 3):
 PSYoungGen      total 147968K, used 4035K [0x00000000f5580000, 0x00000000fff00000, 0x0000000100000000)
  eden space 123392K, 0% used [0x00000000f5580000,0x00000000f5580000,0x00000000fce00000)
  from space 24576K, 16% used [0x00000000fce00000,0x00000000fd1f0e58,0x00000000fe600000)
  to   space 23552K, 0% used [0x00000000fe800000,0x00000000fe800000,0x00000000fff00000)
 ParOldGen       total 217600K, used 153699K [0x00000000e0000000, 0x00000000ed480000, 0x00000000f5580000)
  object space 217600K, 70% used [0x00000000e0000000,0x00000000e9618d10,0x00000000ed480000)
 Metaspace       used 94740K, capacity 98054K, committed 98136K, reserved 1134592K
  class space    used 12117K, capacity 12848K, committed 12928K, reserved 1048576K
}
Event: 221.775 GC heap before
{Heap before GC invocations=45 (full 3):
 PSYoungGen      total 147968K, used 127427K [0x00000000f5580000, 0x00000000fff00000, 0x0000000100000000)
  eden space 123392K, 100% used [0x00000000f5580000,0x00000000fce00000,0x00000000fce00000)
  from space 24576K, 16% used [0x00000000fce00000,0x00000000fd1f0e58,0x00000000fe600000)
  to   space 23552K, 0% used [0x00000000fe800000,0x00000000fe800000,0x00000000fff00000)
 ParOldGen       total 217600K, used 153699K [0x00000000e0000000, 0x00000000ed480000, 0x00000000f5580000)
  object space 217600K, 70% used [0x00000000e0000000,0x00000000e9618d10,0x00000000ed480000)
 Metaspace       used 94758K, capacity 98072K, committed 98380K, reserved 1134592K
  class space    used 12119K, capacity 12851K, committed 12928K, reserved 1048576K
Event: 221.800 GC heap after
Heap after GC invocations=45 (full 3):
 PSYoungGen      total 147968K, used 3638K [0x00000000f5580000, 0x00000000ffd00000, 0x0000000100000000)
  eden space 126464K, 0% used [0x00000000f5580000,0x00000000f5580000,0x00000000fd100000)
  from space 21504K, 16% used [0x00000000fe800000,0x00000000feb8d8b0,0x00000000ffd00000)
  to   space 22528K, 0% used [0x00000000fd100000,0x00000000fd100000,0x00000000fe700000)
 ParOldGen       total 217600K, used 157380K [0x00000000e0000000, 0x00000000ed480000, 0x00000000f5580000)
  object space 217600K, 72% used [0x00000000e0000000,0x00000000e99b1160,0x00000000ed480000)
 Metaspace       used 94758K, capacity 98072K, committed 98380K, reserved 1134592K
  class space    used 12119K, capacity 12851K, committed 12928K, reserved 1048576K
}
Event: 222.426 GC heap before
{Heap before GC invocations=46 (full 3):
 PSYoungGen      total 147968K, used 130102K [0x00000000f5580000, 0x00000000ffd00000, 0x0000000100000000)
  eden space 126464K, 100% used [0x00000000f5580000,0x00000000fd100000,0x00000000fd100000)
  from space 21504K, 16% used [0x00000000fe800000,0x00000000feb8d8b0,0x00000000ffd00000)
  to   space 22528K, 0% used [0x00000000fd100000,0x00000000fd100000,0x00000000fe700000)
 ParOldGen       total 217600K, used 157380K [0x00000000e0000000, 0x00000000ed480000, 0x00000000f5580000)
  object space 217600K, 72% used [0x00000000e0000000,0x00000000e99b1160,0x00000000ed480000)
 Metaspace       used 94840K, capacity 98150K, committed 98380K, reserved 1134592K
  class space    used 12121K, capacity 12852K, committed 12928K, reserved 1048576K
Event: 222.447 GC heap after
Heap after GC invocations=46 (full 3):
 PSYoungGen      total 148992K, used 4003K [0x00000000f5580000, 0x00000000fff00000, 0x0000000100000000)
  eden space 126464K, 0% used [0x00000000f5580000,0x00000000f5580000,0x00000000fd100000)
  from space 22528K, 17% used [0x00000000fd100000,0x00000000fd4e8e08,0x00000000fe700000)
  to   space 21504K, 0% used [0x00000000fea00000,0x00000000fea00000,0x00000000fff00000)
 ParOldGen       total 217600K, used 160797K [0x00000000e0000000, 0x00000000ed480000, 0x00000000f5580000)
  object space 217600K, 73% used [0x00000000e0000000,0x00000000e9d07568,0x00000000ed480000)
 Metaspace       used 94840K, capacity 98150K, committed 98380K, reserved 1134592K
  class space    used 12121K, capacity 12852K, committed 12928K, reserved 1048576K
}
Event: 223.062 GC heap before
{Heap before GC invocations=47 (full 3):
 PSYoungGen      total 148992K, used 130467K [0x00000000f5580000, 0x00000000fff00000, 0x0000000100000000)
  eden space 126464K, 100% used [0x00000000f5580000,0x00000000fd100000,0x00000000fd100000)
  from space 22528K, 17% used [0x00000000fd100000,0x00000000fd4e8e08,0x00000000fe700000)
  to   space 21504K, 0% used [0x00000000fea00000,0x00000000fea00000,0x00000000fff00000)
 ParOldGen       total 217600K, used 160797K [0x00000000e0000000, 0x00000000ed480000, 0x00000000f5580000)
  object space 217600K, 73% used [0x00000000e0000000,0x00000000e9d07568,0x00000000ed480000)
 Metaspace       used 94959K, capacity 98286K, committed 98380K, reserved 1134592K
  class space    used 12121K, capacity 12852K, committed 12928K, reserved 1048576K

